2024-09-02 15:48:40 ---[INFO]--- Closing JPA EntityManagerFactory for persistence unit 'default'
2024-09-02 15:48:40 ---[INFO]--- HikariPool-1 - Shutdown initiated...
2024-09-02 15:48:40 ---[INFO]--- HikariPool-1 - Shutdown completed.
2024-09-02 15:48:46 ---[INFO]--- Starting ECommerceApplication using Java 22.0.1 with PID 11192 (C:\E-Commerce Web Application\ECommerceApplicationThymleaf\target\classes started by Administrator in C:\E-Commerce Web Application\ECommerceApplicationThymleaf)
2024-09-02 15:48:46 ---[INFO]--- No active profile set, falling back to 1 default profile: "default"
2024-09-02 15:48:46 ---[INFO]--- Devtools property defaults active! Set 'spring.devtools.add-properties' to 'false' to disable
2024-09-02 15:48:46 ---[INFO]--- For additional web related logging consider setting the 'logging.level.web' property to 'DEBUG'
2024-09-02 15:48:47 ---[INFO]--- Bootstrapping Spring Data JPA repositories in DEFAULT mode.
2024-09-02 15:48:47 ---[INFO]--- Finished Spring Data repository scanning in 118 ms. Found 10 JPA repository interfaces.
2024-09-02 15:48:48 ---[INFO]--- Tomcat initialized with port 8888 (http)
2024-09-02 15:48:48 ---[INFO]--- Initializing ProtocolHandler ["http-nio-8888"]
2024-09-02 15:48:48 ---[INFO]--- Starting service [Tomcat]
2024-09-02 15:48:48 ---[INFO]--- Starting Servlet engine: [Apache Tomcat/10.1.26]
2024-09-02 15:48:48 ---[INFO]--- Initializing Spring embedded WebApplicationContext
2024-09-02 15:48:48 ---[INFO]--- Root WebApplicationContext: initialization completed in 2603 ms
2024-09-02 15:48:49 ---[INFO]--- HHH000204: Processing PersistenceUnitInfo [name: default]
2024-09-02 15:48:49 ---[INFO]--- HHH000412: Hibernate ORM core version 6.5.2.Final
2024-09-02 15:48:49 ---[INFO]--- HHH000026: Second-level cache disabled
2024-09-02 15:48:49 ---[INFO]--- No LoadTimeWeaver setup: ignoring JPA class transformer
2024-09-02 15:48:49 ---[INFO]--- HikariPool-1 - Starting...
2024-09-02 15:48:50 ---[INFO]--- HikariPool-1 - Added connection org.postgresql.jdbc.PgConnection@642e24d3
2024-09-02 15:48:50 ---[INFO]--- HikariPool-1 - Start completed.
2024-09-02 15:48:50 ---[WARN]--- HHH90000025: PostgreSQLDialect does not need to be specified explicitly using 'hibernate.dialect' (remove the property setting and it will be selected by default)
2024-09-02 15:48:51 ---[INFO]--- HHH000489: No JTA platform available (set 'hibernate.transaction.jta.platform' to enable JTA platform integration)
2024-09-02 15:48:52 ---[INFO]--- Initialized JPA EntityManagerFactory for persistence unit 'default'
2024-09-02 15:48:53 ---[WARN]--- spring.jpa.open-in-view is enabled by default. Therefore, database queries may be performed during view rendering. Explicitly configure spring.jpa.open-in-view to disable this warning
2024-09-02 15:48:53 ---[INFO]--- LiveReload server is running on port 35729
2024-09-02 15:48:53 ---[INFO]--- Starting ProtocolHandler ["http-nio-8888"]
2024-09-02 15:48:53 ---[INFO]--- Tomcat started on port 8888 (http) with context path '/'
2024-09-02 15:48:53 ---[INFO]--- Started ECommerceApplication in 8.39 seconds (process running for 9.367)
2024-09-02 15:48:56 ---[INFO]--- Initializing Spring DispatcherServlet 'dispatcherServlet'
2024-09-02 15:48:56 ---[INFO]--- Initializing Servlet 'dispatcherServlet'
2024-09-02 15:48:56 ---[INFO]--- Completed initialization in 3 ms
2024-09-02 15:48:56 ---[INFO]--- All product details retrieved successfully
