2024-08-30 18:51:22 ---[INFO]--- Closing JPA EntityManagerFactory for persistence unit 'default'
2024-08-30 18:51:22 ---[INFO]--- HikariPool-1 - Shutdown initiated...
2024-08-30 18:51:22 ---[INFO]--- HikariPool-1 - Shutdown completed.
2024-08-30 18:51:25 ---[INFO]--- Starting ECommerceApplication using Java 22.0.1 with PID 4540 (C:\E-Commerce Web Application\ECommerceApplicationThymleaf\target\classes started by Administrator in C:\E-Commerce Web Application\ECommerceApplicationThymleaf)
2024-08-30 18:51:25 ---[INFO]--- No active profile set, falling back to 1 default profile: "default"
2024-08-30 18:51:25 ---[INFO]--- Devtools property defaults active! Set 'spring.devtools.add-properties' to 'false' to disable
2024-08-30 18:51:25 ---[INFO]--- For additional web related logging consider setting the 'logging.level.web' property to 'DEBUG'
2024-08-30 18:51:27 ---[INFO]--- Bootstrapping Spring Data JPA repositories in DEFAULT mode.
2024-08-30 18:51:27 ---[INFO]--- Finished Spring Data repository scanning in 125 ms. Found 10 JPA repository interfaces.
2024-08-30 18:51:28 ---[INFO]--- Tomcat initialized with port 8888 (http)
2024-08-30 18:51:28 ---[INFO]--- Initializing ProtocolHandler ["http-nio-8888"]
2024-08-30 18:51:28 ---[INFO]--- Starting service [Tomcat]
2024-08-30 18:51:28 ---[INFO]--- Starting Servlet engine: [Apache Tomcat/10.1.26]
2024-08-30 18:51:28 ---[INFO]--- Initializing Spring embedded WebApplicationContext
2024-08-30 18:51:28 ---[INFO]--- Root WebApplicationContext: initialization completed in 2645 ms
2024-08-30 18:51:28 ---[INFO]--- HHH000204: Processing PersistenceUnitInfo [name: default]
2024-08-30 18:51:28 ---[INFO]--- HHH000412: Hibernate ORM core version 6.5.2.Final
2024-08-30 18:51:28 ---[INFO]--- HHH000026: Second-level cache disabled
2024-08-30 18:51:29 ---[INFO]--- No LoadTimeWeaver setup: ignoring JPA class transformer
2024-08-30 18:51:29 ---[INFO]--- HikariPool-1 - Starting...
2024-08-30 18:51:29 ---[INFO]--- HikariPool-1 - Added connection org.postgresql.jdbc.PgConnection@5bd787f3
2024-08-30 18:51:29 ---[INFO]--- HikariPool-1 - Start completed.
2024-08-30 18:51:29 ---[WARN]--- HHH90000025: PostgreSQLDialect does not need to be specified explicitly using 'hibernate.dialect' (remove the property setting and it will be selected by default)
2024-08-30 18:51:31 ---[INFO]--- HHH000489: No JTA platform available (set 'hibernate.transaction.jta.platform' to enable JTA platform integration)
2024-08-30 18:51:31 ---[INFO]--- Initialized JPA EntityManagerFactory for persistence unit 'default'
2024-08-30 18:51:32 ---[WARN]--- spring.jpa.open-in-view is enabled by default. Therefore, database queries may be performed during view rendering. Explicitly configure spring.jpa.open-in-view to disable this warning
2024-08-30 18:51:33 ---[INFO]--- LiveReload server is running on port 35729
2024-08-30 18:51:33 ---[INFO]--- Starting ProtocolHandler ["http-nio-8888"]
2024-08-30 18:51:33 ---[INFO]--- Tomcat started on port 8888 (http) with context path '/'
2024-08-30 18:51:33 ---[INFO]--- Started ECommerceApplication in 8.869 seconds (process running for 9.84)
2024-08-30 18:51:40 ---[INFO]--- Initializing Spring DispatcherServlet 'dispatcherServlet'
2024-08-30 18:51:40 ---[INFO]--- Initializing Servlet 'dispatcherServlet'
2024-08-30 18:51:40 ---[INFO]--- Completed initialization in 2 ms
