2024-08-19 18:30:12 ---[INFO]--- Closing JPA EntityManagerFactory for persistence unit 'default'
2024-08-19 18:30:12 ---[INFO]--- HikariPool-1 - Shutdown initiated...
2024-08-19 18:30:12 ---[INFO]--- HikariPool-1 - Shutdown completed.
2024-08-19 18:30:18 ---[INFO]--- Starting ECommerceApplication using Java 22.0.1 with PID 4296 (C:\E-Commerce Web Application\ECommerceApplicationThymleaf\target\classes started by Administrator in C:\E-Commerce Web Application\ECommerceApplicationThymleaf)
2024-08-19 18:30:18 ---[INFO]--- No active profile set, falling back to 1 default profile: "default"
2024-08-19 18:30:18 ---[INFO]--- Devtools property defaults active! Set 'spring.devtools.add-properties' to 'false' to disable
2024-08-19 18:30:18 ---[INFO]--- For additional web related logging consider setting the 'logging.level.web' property to 'DEBUG'
2024-08-19 18:30:20 ---[INFO]--- Bootstrapping Spring Data JPA repositories in DEFAULT mode.
2024-08-19 18:30:20 ---[INFO]--- Finished Spring Data repository scanning in 146 ms. Found 10 JPA repository interfaces.
2024-08-19 18:30:22 ---[INFO]--- Tomcat initialized with port 8888 (http)
2024-08-19 18:30:22 ---[INFO]--- Initializing ProtocolHandler ["http-nio-8888"]
2024-08-19 18:30:22 ---[INFO]--- Starting service [Tomcat]
2024-08-19 18:30:22 ---[INFO]--- Starting Servlet engine: [Apache Tomcat/10.1.26]
2024-08-19 18:30:22 ---[INFO]--- Initializing Spring embedded WebApplicationContext
2024-08-19 18:30:22 ---[INFO]--- Root WebApplicationContext: initialization completed in 3831 ms
2024-08-19 18:30:22 ---[INFO]--- HHH000204: Processing PersistenceUnitInfo [name: default]
2024-08-19 18:30:22 ---[INFO]--- HHH000412: Hibernate ORM core version 6.5.2.Final
2024-08-19 18:30:23 ---[INFO]--- HHH000026: Second-level cache disabled
2024-08-19 18:30:23 ---[INFO]--- No LoadTimeWeaver setup: ignoring JPA class transformer
2024-08-19 18:30:23 ---[INFO]--- HikariPool-1 - Starting...
2024-08-19 18:30:24 ---[INFO]--- HikariPool-1 - Added connection org.postgresql.jdbc.PgConnection@6b5e1ff0
2024-08-19 18:30:24 ---[INFO]--- HikariPool-1 - Start completed.
2024-08-19 18:30:24 ---[WARN]--- HHH90000025: PostgreSQLDialect does not need to be specified explicitly using 'hibernate.dialect' (remove the property setting and it will be selected by default)
2024-08-19 18:30:26 ---[INFO]--- HHH000489: No JTA platform available (set 'hibernate.transaction.jta.platform' to enable JTA platform integration)
2024-08-19 18:30:26 ---[INFO]--- Initialized JPA EntityManagerFactory for persistence unit 'default'
2024-08-19 18:30:28 ---[WARN]--- spring.jpa.open-in-view is enabled by default. Therefore, database queries may be performed during view rendering. Explicitly configure spring.jpa.open-in-view to disable this warning
2024-08-19 18:30:29 ---[INFO]--- LiveReload server is running on port 35729
2024-08-19 18:30:30 ---[INFO]--- Starting ProtocolHandler ["http-nio-8888"]
2024-08-19 18:30:30 ---[INFO]--- Tomcat started on port 8888 (http) with context path '/'
2024-08-19 18:30:30 ---[INFO]--- Started ECommerceApplication in 12.54 seconds (process running for 13.587)
2024-08-19 18:30:35 ---[INFO]--- Initializing Spring DispatcherServlet 'dispatcherServlet'
2024-08-19 18:30:35 ---[INFO]--- Initializing Servlet 'dispatcherServlet'
2024-08-19 18:30:35 ---[INFO]--- Completed initialization in 1 ms
2024-08-19 18:30:37 ---[INFO]--- Adding product ID:403 to customer wishlist
2024-08-19 18:30:37 ---[INFO]--- Product ID: 403 added to wishlist for customer ID: 100
2024-08-19 18:30:50 ---[INFO]--- Adding product ID:405 to customer wishlist
2024-08-19 18:30:50 ---[INFO]--- Product ID: 405 added to wishlist for customer ID: 100
