2024-09-02 15:50:00 ---[INFO]--- HHH000204: Processing PersistenceUnitInfo [name: default]
2024-09-02 15:50:00 ---[INFO]--- HHH000412: Hibernate ORM core version 6.5.2.Final
2024-09-02 15:50:00 ---[INFO]--- HHH000026: Second-level cache disabled
2024-09-02 15:50:00 ---[INFO]--- No LoadTimeWeaver setup: ignoring JPA class transformer
2024-09-02 15:50:00 ---[INFO]--- HikariPool-1 - Starting...
2024-09-02 15:50:01 ---[INFO]--- HikariPool-1 - Added connection org.postgresql.jdbc.PgConnection@76f9a984
2024-09-02 15:50:01 ---[INFO]--- HikariPool-1 - Start completed.
2024-09-02 15:50:01 ---[WARN]--- HHH90000025: PostgreSQLDialect does not need to be specified explicitly using 'hibernate.dialect' (remove the property setting and it will be selected by default)
2024-09-02 15:50:02 ---[INFO]--- HHH000489: No JTA platform available (set 'hibernate.transaction.jta.platform' to enable JTA platform integration)
2024-09-02 15:50:03 ---[INFO]--- Initialized JPA EntityManagerFactory for persistence unit 'default'
2024-09-02 15:50:04 ---[WARN]--- spring.jpa.open-in-view is enabled by default. Therefore, database queries may be performed during view rendering. Explicitly configure spring.jpa.open-in-view to disable this warning
2024-09-02 15:50:04 ---[INFO]--- LiveReload server is running on port 35729
2024-09-02 15:50:04 ---[INFO]--- Starting ProtocolHandler ["http-nio-8888"]
2024-09-02 15:50:05 ---[INFO]--- Tomcat started on port 8888 (http) with context path '/'
2024-09-02 15:50:05 ---[INFO]--- Started ECommerceApplication in 8.364 seconds (process running for 9.304)
2024-09-02 15:50:07 ---[INFO]--- Initializing Spring DispatcherServlet 'dispatcherServlet'
2024-09-02 15:50:07 ---[INFO]--- Initializing Servlet 'dispatcherServlet'
2024-09-02 15:50:07 ---[INFO]--- Completed initialization in 1 ms
2024-09-02 15:50:07 ---[INFO]--- All product details retrieved successfully
2024-09-02 15:50:13 ---[INFO]--- fetching product by Product Id
2024-09-02 15:50:13 ---[INFO]--- Product found with ID: 417
2024-09-02 15:50:17 ---[INFO]--- Updating Product with ID: 417
2024-09-02 15:50:17 ---[INFO]--- Product Updated Successfully with ID: 417
2024-09-02 15:50:17 ---[INFO]--- fetching product by Product Id
2024-09-02 15:50:17 ---[INFO]--- Product found with ID: 417
