2024-08-16 18:28:51 ---[INFO]--- Closing JPA EntityManagerFactory for persistence unit 'default'
2024-08-16 18:28:51 ---[INFO]--- HikariPool-1 - Shutdown initiated...
2024-08-16 18:28:51 ---[INFO]--- HikariPool-1 - Shutdown completed.
2024-08-16 18:28:54 ---[INFO]--- Starting ECommerceApplication using Java 22.0.1 with PID 6168 (C:\E-Commerce Web Application\ECommerceApplicationThymleaf\target\classes started by Administrator in C:\E-Commerce Web Application\ECommerceApplicationThymleaf)
2024-08-16 18:28:54 ---[INFO]--- No active profile set, falling back to 1 default profile: "default"
2024-08-16 18:28:54 ---[INFO]--- Devtools property defaults active! Set 'spring.devtools.add-properties' to 'false' to disable
2024-08-16 18:28:54 ---[INFO]--- For additional web related logging consider setting the 'logging.level.web' property to 'DEBUG'
2024-08-16 18:28:56 ---[INFO]--- Bootstrapping Spring Data JPA repositories in DEFAULT mode.
2024-08-16 18:28:56 ---[INFO]--- Finished Spring Data repository scanning in 129 ms. Found 10 JPA repository interfaces.
2024-08-16 18:28:57 ---[INFO]--- Tomcat initialized with port 8888 (http)
2024-08-16 18:28:57 ---[INFO]--- Initializing ProtocolHandler ["http-nio-8888"]
2024-08-16 18:28:57 ---[INFO]--- Starting service [Tomcat]
2024-08-16 18:28:57 ---[INFO]--- Starting Servlet engine: [Apache Tomcat/10.1.26]
2024-08-16 18:28:57 ---[INFO]--- Initializing Spring embedded WebApplicationContext
2024-08-16 18:28:57 ---[INFO]--- Root WebApplicationContext: initialization completed in 3208 ms
2024-08-16 18:28:58 ---[INFO]--- HHH000204: Processing PersistenceUnitInfo [name: default]
2024-08-16 18:28:58 ---[INFO]--- HHH000412: Hibernate ORM core version 6.5.2.Final
2024-08-16 18:28:58 ---[INFO]--- HHH000026: Second-level cache disabled
2024-08-16 18:28:58 ---[INFO]--- No LoadTimeWeaver setup: ignoring JPA class transformer
2024-08-16 18:28:58 ---[INFO]--- HikariPool-1 - Starting...
2024-08-16 18:28:59 ---[INFO]--- HikariPool-1 - Added connection org.postgresql.jdbc.PgConnection@3ddd75dd
2024-08-16 18:28:59 ---[INFO]--- HikariPool-1 - Start completed.
2024-08-16 18:28:59 ---[WARN]--- HHH90000025: PostgreSQLDialect does not need to be specified explicitly using 'hibernate.dialect' (remove the property setting and it will be selected by default)
